This file contains any messages produced by compilers while
running configure, to aid debugging if configure makes a mistake.

It was created by config.sh, which was
generated by GNU Autoconf 2.59.  Invocation command line was

  $ config.sh -prefix=/home/wxt/espnet/tools/sctk

## --------- ##
## Platform. ##
## --------- ##

hostname = SD-20190717ZJYO
uname -m = x86_64
uname -r = 4.4.0-18362-Microsoft
uname -s = Linux
uname -v = #1-Microsoft Mon Mar 18 12:02:00 PST 2019

/usr/bin/uname -p = unknown
/bin/uname -X     = unknown

/bin/arch              = unknown
/usr/bin/arch -k       = unknown
/usr/convex/getsysinfo = unknown
hostinfo               = unknown
/bin/machine           = unknown
/usr/bin/oslevel       = unknown
/bin/universe          = unknown

PATH: /home/wxt/.local/bin
PATH: /home/wxt/miniconda3/condabin
PATH: /home/wxt/kaldi
PATH: /home/wxt/pycharm-edu-2019.3.4/bin
PATH: /usr/local/sbin
PATH: /usr/local/bin
PATH: /usr/sbin
PATH: /usr/bin
PATH: /sbin
PATH: /bin
PATH: /usr/games
PATH: /usr/local/games
PATH: /mnt/c/Windows/system32
PATH: /mnt/c/Windows
PATH: /mnt/c/Windows/System32/Wbem
PATH: /mnt/c/Windows/System32/WindowsPowerShell/v1.0
PATH: /mnt/c/Windows/System32/OpenSSH
PATH: /mnt/d/mysql/bin
PATH: /mnt/c/Program Files/Microsoft SQL Server/130/Tools/Binn
PATH: /mnt/c/Program Files/dotnet
PATH: /mnt/d/matlab/runtime/win64
PATH: /mnt/d/matlab/bin
PATH: /mnt/c/Program Files/Git/cmd
PATH: /mnt/c/Users/Administrator/PycharmProjects/importdata/venv/Scripts
PATH: /mnt/d/doxygen/doxygen/bin
PATH: /mnt/c/texlive/2019/bin/win32
PATH: /mnt/c/Users/Administrator/AppData/Local/Programs/Python/Python38/Scripts
PATH: /mnt/c/Users/Administrator/AppData/Local/Programs/Python/Python38
PATH: /mnt/c/Users/Administrator/AppData/Local/Microsoft/WindowsApps
PATH: /mnt/d/pycharm/PyCharm Community Edition 2019.2.5/bin
PATH: /mnt/d/MiKtexx/miktex/bin/x64
PATH: /mnt/d/pycharm-pro/PyCharm 2019.2.5/bin
PATH: /snap/bin


## ----------- ##
## Core tests. ##
## ----------- ##

config.sh:1223: checking for nsgmls
config.sh:1252: result: no
config.sh:1223: checking for onsgmls
config.sh:1252: result: no
config.sh:1387: creating ./config.status

## ---------------------- ##
## Running config.status. ##
## ---------------------- ##

This file was extended by config.status, which was
generated by GNU Autoconf 2.59.  Invocation command line was

  CONFIG_FILES    = 
  CONFIG_HEADERS  = 
  CONFIG_LINKS    = 
  CONFIG_COMMANDS = 
  $ ./config.status 

on SD-20190717ZJYO

config.status:625: creating makefile

## ---------------- ##
## Cache variables. ##
## ---------------- ##

ac_cv_env_build_alias_set=
ac_cv_env_build_alias_value=
ac_cv_env_host_alias_set=
ac_cv_env_host_alias_value=
ac_cv_env_target_alias_set=
ac_cv_env_target_alias_value=

## ----------------- ##
## Output variables. ##
## ----------------- ##

DEFS='-DPACKAGE_NAME=\"\" -DPACKAGE_TARNAME=\"\" -DPACKAGE_VERSION=\"\" -DPACKAGE_STRING=\"\" -DPACKAGE_BUGREPORT=\"\" '
ECHO_C=''
ECHO_N='-n'
ECHO_T=''
LIBOBJS=''
LIBS=''
LTLIBOBJS=''
NSGMLS=''
PACKAGE_BUGREPORT=''
PACKAGE_NAME=''
PACKAGE_STRING=''
PACKAGE_TARNAME=''
PACKAGE_VERSION=''
PATH_SEPARATOR=':'
SHELL='/bin/bash'
bindir='${exec_prefix}/bin'
build_alias=''
datadir='${prefix}/share'
exec_prefix='${prefix}'
host_alias=''
includedir='${prefix}/include'
infodir='${prefix}/info'
libdir='${exec_prefix}/lib'
libexecdir='${exec_prefix}/libexec'
localstatedir='${prefix}/var'
mandir='${prefix}/man'
oldincludedir='/usr/include'
prefix='/home/wxt/espnet/tools/sctk'
program_transform_name='s,x,x,'
sbindir='${exec_prefix}/sbin'
sharedstatedir='${prefix}/com'
sysconfdir='${prefix}/etc'
target_alias=''

## ----------- ##
## confdefs.h. ##
## ----------- ##

#define PACKAGE_BUGREPORT ""
#define PACKAGE_NAME ""
#define PACKAGE_STRING ""
#define PACKAGE_TARNAME ""
#define PACKAGE_VERSION ""

config.sh: exit 0
